[18:24:19] [Client thread/INFO]: Setting user: FireFox0044
[18:24:22] [Client thread/WARN]: Skipping bad option: lastServer:
[18:24:22] [Client thread/INFO]: LWJGL Version: 2.9.2
[18:24:45] [Client thread/INFO]: Reloading ResourceManager: Default, FMLFileResourcePack:Forge Mod Loader, FMLFileResourcePack:Minecraft Forge, FMLFileResourcePack:Not Enough Items, FMLFileResourcePack:Actually Additions, FMLFileResourcePack:Advanced Machines, FMLFileResourcePack:Advanced Solar Panels, FMLFileResourcePack:AE2 Stuff, FMLFileResourcePack:AgriCraft, FMLFileResourcePack:Akashic Tome, FMLFileResourcePack:AppleSkin, FMLFileResourcePack:Applied Energistics 2, FMLFileResourcePack:Aquaculture, FMLFileResourcePack:ArchitectureCraft, FMLFileResourcePack:Aroma1997Core|Helper, FMLFileResourcePack:Aroma1997's Dimensional World, FMLFileResourcePack:AutoRegLib, FMLFileResourcePack:Baubles, FMLFileResourcePack:BD Lib, FMLFileResourcePack:Better Builder's Wands, FMLFileResourcePack:BetterThanBunnies, FMLFileResourcePack:BiblioCraft, FMLFileResourcePack:Blood Arsenal, FMLFileResourcePack:Blood Magic: Alchemical Wizardry, FMLFileResourcePack:Bookshelf, FMLFileResourcePack:Botania, FMLFileResourcePack:Brandon's Core, FMLFileResourcePack:Ceramics, FMLFileResourcePack:Chameleon, FMLFileResourcePack:Chest Transporter, FMLFileResourcePack:Chisel, FMLFileResourcePack:Chisels & Bits, FMLFileResourcePack:Clipboard, FMLFileResourcePack:CodeChicken Core, FMLFileResourcePack:CodeChicken Lib, FMLFileResourcePack:ccl-entityhook, FMLFileResourcePack:CoFH Core, FMLFileResourcePack:Compact Solar Arrays, FMLFileResourcePack:Controlling, FMLFileResourcePack:Cooking for Blockheads, FMLFileResourcePack:CT-GUI, FMLFileResourcePack:MineTweaker 3, FMLFileResourcePack:CraftTweaker JEI Support, FMLFileResourcePack:Custom Main Menu, FMLFileResourcePack:Dark Utilities, FMLFileResourcePack:PTRModelLib, FMLFileResourcePack:Decocraft, FMLFileResourcePack:DeepResonance, FMLFileResourcePack:Default Options, FMLFileResourcePack:Draconic Evolution, FMLFileResourcePack:Drawers & Bits, FMLFileResourcePack:ElecCore, FMLFileResourcePack:Elevator Mod, FMLFileResourcePack:Embers, FMLFileResourcePack:EnderCore, FMLFileResourcePack:Ender IO, FMLFileResourcePack:EnderStorage, FMLFileResourcePack:Engineer's Workshop, FMLFileResourcePack:Environmental Tech, FMLFileResourcePack:ET Lunar, FMLFileResourcePack:Extra Utilities 2, FMLFileResourcePack:Extreme Reactors, FMLFileResourcePack:Flat Colored Blocks, FMLFileResourcePack:FluxNetworks, FMLFileResourcePack:FoamFix, FMLFileResourcePack:Forestry, FMLFileResourcePack:Forgelin, FMLFileResourcePack:Forge Microblocks, FMLFileResourcePack:Forge Multipart CBE, FMLFileResourcePack:Minecraft Multipart Plugin, FMLFileResourcePack:FTBLib, FMLFileResourcePack:FTB Tweaks, FMLFileResourcePack:FTBUtilities, FMLFileResourcePack:Funky Locomotion, FMLFileResourcePack:Funnels, FMLFileResourcePack:GenDustry, FMLFileResourcePack:Gravestone, FMLFileResourcePack:Gravitation Suite, FMLFileResourcePack:Guide-API, FMLFileResourcePack:Hammer Core, FMLFileResourcePack:HelpFixer, FMLFileResourcePack:Hopper Ducts, FMLFileResourcePack:Immersive Engineering, FMLFileResourcePack:IndustrialCraft 2, FMLFileResourcePack:InfinityLib, FMLFileResourcePack:InGame Info XML, FMLFileResourcePack:Interaction Wheel, FMLFileResourcePack:Inventory Tweaks, FMLFileResourcePack:Iron Backpacks, FMLFileResourcePack:Iron Chest, FMLFileResourcePack:Just Enough Items, FMLFileResourcePack:JEI Bees, FMLFileResourcePack:JourneyMap, FMLFileResourcePack:Just Enough Resources, FMLFileResourcePack:KleeSlabs, FMLFileResourcePack:LaunchGUI, FMLFileResourcePack:Long Fall Boots, FMLFileResourcePack:LunatriusCore, FMLFileResourcePack:Mantle, FMLFileResourcePack:MCMultiPart, FMLFileResourcePack:Mercurius, FMLFileResourcePack:Modular ForceField System, FMLFileResourcePack:MmmMmmMmmMmm, FMLFileResourcePack:mob_grinding_utils, FMLFileResourcePack:Mod Name Tooltip, FMLFileResourcePack:Mod Tweaker, FMLFileResourcePack:More Bees, FMLFileResourcePack:Morph-o-Tool, FMLFileResourcePack:Morpheus, FMLFileResourcePack:Mouse Tweaks, FMLFileResourcePack:ModPack Basic Tools, FMLFileResourcePack:ModPack Utilities, FMLFileResourcePack:MrTJPCore, FMLFileResourcePack:MTLib, FMLFileResourcePack:Multi-Storage, FMLFileResourcePack:Natura, FMLFileResourcePack:Nether Portal Fix, FMLFileResourcePack:OpenComputers, FMLFileResourcePack:Open Glider, FMLFileResourcePack:p455w0rd's Library, FMLFileResourcePack:Pam's HarvestCraft, FMLFileResourcePack:ProjectRed Core, FMLFileResourcePack:ProjectRed integration, FMLFileResourcePack:ProjectRed Transmission, FMLFileResourcePack:ProjectRed Illumination, FMLFileResourcePack:ProjectRed Expansion, FMLFileResourcePack:projectred-tansportation, FMLFileResourcePack:ProjectRed Exploration, FMLFileResourcePack:Psi, FMLFileResourcePack:QuantumStorage, FMLFileResourcePack:Quark, FMLFileResourcePack:Railcraft, FMLFileResourcePack:Ranged Pumps, FMLFileResourcePack:ReAuth, FMLFileResourcePack:RebornCore, FMLFileResourcePack:reborncore-MCMultiPart, FMLFileResourcePack:Redstone Arsenal, FMLFileResourcePack:Refined Relocation, FMLFileResourcePack:Refined Storage, FMLFileResourcePack:Reliquary, FMLFileResourcePack:Resource Loader, FMLFileResourcePack:RFTools, FMLFileResourcePack:RFTools Control, FMLFileResourcePack:RFTools Dimensions, FMLFileResourcePack:Roots, FMLFileResourcePack:ShadowMC, FMLFileResourcePack:ShetiPhian-Core, FMLFileResourcePack:Signals, FMLFileResourcePack:SimpleVoidWorld, FMLFileResourcePack:Simple Retrogen, FMLFileResourcePack:Simply Jetpacks 2, FMLFileResourcePack:Sleeping Bag, FMLFileResourcePack:Snad, FMLFileResourcePack:Solar Flux Reborn, FMLFileResourcePack:SonarCore, FMLFileResourcePack:Steve's Carts 2, FMLFileResourcePack:Storage Drawers, FMLFileResourcePack:Storage Drawers Extras, FMLFileResourcePack:Super Circuit Maker, FMLFileResourcePack:Super Crafting Frame, FMLFileResourcePack:Tinkers' Construct, FMLFileResourcePack:TechReborn, FMLFileResourcePack:The One Probe, FMLFileResourcePack:Thermal Expansion, FMLFileResourcePack:Thermal Foundation, FMLFileResourcePack:Tinkers Tool Leveling, FMLFileResourcePack:TOP Addons, FMLFileResourcePack:TorchMaster, FMLFileResourcePack:Translocator, FMLFileResourcePack:UniDict, FMLFileResourcePack:Useful Nullifiers, FMLFileResourcePack:Valkyrie Lib, FMLFileResourcePack:WanionLib, FMLFileResourcePack:Wireless Crafting Grid, FMLFileResourcePack:Wireless Crafting Terminal, FMLFileResourcePack:Woot, FMLFileResourcePack:WirelessRedstone-CBE, FMLFileResourcePack:YABBA, FMLFileResourcePack:Zero CORE, CustomResources, CustomOverridingResources
[18:24:45] [Client thread/WARN]: ResourcePack: ignored non-lowercase namespace: TechRebornItems.xcf in /Users/Ethan/Documents/Curse/Minecraft/Instances/FTB Beyond (1)/mods/TechReborn-1.10.2-2.1.10.207-universal.jar
[18:24:45] [Client thread/WARN]: ResourcePack: ignored non-lowercase namespace: TechReborn.xcf in /Users/Ethan/Documents/Curse/Minecraft/Instances/FTB Beyond (1)/mods/TechReborn-1.10.2-2.1.10.207-universal.jar
[18:24:45] [Client thread/WARN]: ResourcePack: ignored non-lowercase namespace: Casings.xcf in /Users/Ethan/Documents/Curse/Minecraft/Instances/FTB Beyond (1)/mods/TechReborn-1.10.2-2.1.10.207-universal.jar
[18:25:35] [Client thread/WARN]: File minecraft:sounds/tock4.ogg does not exist, cannot add it to event bibliocraft:tock
[18:25:35] [Client thread/WARN]: Invalid sounds.json
java.lang.NullPointerException
	at net.minecraft.client.audio.SoundHandler.func_110549_a(SourceFile:82) [bzw.class:?]
	at net.minecraft.client.resources.SimpleReloadableResourceManager.func_110542_a(SimpleReloadableResourceManager.java:122) [bxi.class:?]
	at net.minecraft.client.Minecraft.func_71384_a(Minecraft.java:446) [bcx.class:?]
	at net.minecraft.client.Minecraft.func_99999_d(Minecraft.java:351) [bcx.class:?]
	at net.minecraft.client.main.Main.main(SourceFile:124) [Main.class:?]
	at sun.reflect.NativeMethodAccessorImpl.invoke0(Native Method) ~[?:1.8.0_111]
	at sun.reflect.NativeMethodAccessorImpl.invoke(NativeMethodAccessorImpl.java:62) ~[?:1.8.0_111]
	at sun.reflect.DelegatingMethodAccessorImpl.invoke(DelegatingMethodAccessorImpl.java:43) ~[?:1.8.0_111]
	at java.lang.reflect.Method.invoke(Method.java:498) ~[?:1.8.0_111]
	at net.minecraft.launchwrapper.Launch.launch(Launch.java:135) [launchwrapper-1.12.jar:?]
	at net.minecraft.launchwrapper.Launch.main(Launch.java:28) [launchwrapper-1.12.jar:?]
[18:25:35] [Client thread/WARN]: File minecraft:sounds/deep_rumble.ogg does not exist, cannot add it to event rftoolsdim:deep_rumble
[18:25:35] [Client thread/WARN]: File minecraft:sounds/teleport_whoosh.ogg does not exist, cannot add it to event rftoolsdim:teleport_whoosh
[18:25:35] [Client thread/WARN]: File minecraft:sounds/teleport_error.ogg does not exist, cannot add it to event rftoolsdim:teleport_error
[18:25:35] [Client thread/WARN]: File minecraft:sounds/wolfhowl.ogg does not exist, cannot add it to event rftoolsdim:wolfhowl
[18:25:35] [Client thread/WARN]: File minecraft:sounds/gearswitch.ogg does not exist, cannot add it to event stevescarts:gearswitch
[18:25:35] [Client thread/WARN]: File minecraft:sounds/win.ogg does not exist, cannot add it to event stevescarts:win
[18:25:35] [Client thread/WARN]: File minecraft:sounds/boop1.ogg does not exist, cannot add it to event stevescarts:boop
[18:25:35] [Client thread/WARN]: File minecraft:sounds/boop2.ogg does not exist, cannot add it to event stevescarts:boop
[18:25:35] [Client thread/WARN]: File minecraft:sounds/boop3.ogg does not exist, cannot add it to event stevescarts:boop
[18:25:35] [Client thread/WARN]: File minecraft:sounds/gameover.ogg does not exist, cannot add it to event stevescarts:gameover
[18:25:35] [Client thread/WARN]: File minecraft:sounds/1lines.ogg does not exist, cannot add it to event stevescarts:1lines
[18:25:35] [Client thread/WARN]: File minecraft:sounds/2lines.ogg does not exist, cannot add it to event stevescarts:2lines
[18:25:35] [Client thread/WARN]: File minecraft:sounds/3lines.ogg does not exist, cannot add it to event stevescarts:3lines
[18:25:35] [Client thread/WARN]: File minecraft:sounds/4lines.ogg does not exist, cannot add it to event stevescarts:4lines
[18:25:35] [Client thread/WARN]: File minecraft:sounds/highscore.ogg does not exist, cannot add it to event stevescarts:highscore
[18:25:35] [Client thread/WARN]: File minecraft:sounds/hit.ogg does not exist, cannot add it to event stevescarts:hit
[18:25:35] [Client thread/WARN]: File minecraft:sounds/click.ogg does not exist, cannot add it to event stevescarts:click
[18:25:35] [Client thread/WARN]: File minecraft:sounds/blobclick.ogg does not exist, cannot add it to event stevescarts:blobclick
[18:25:35] [Client thread/WARN]: File minecraft:sounds/flagclick.ogg does not exist, cannot add it to event stevescarts:flagclick
[18:25:35] [Client thread/WARN]: File minecraft:sounds/goodjob.ogg does not exist, cannot add it to event stevescarts:goodjob
[18:25:35] [Sound Library Loader/INFO]: Starting up SoundSystem...
[18:25:35] [Client thread/ERROR]: ########## GL ERROR ##########
[18:25:35] [Client thread/ERROR]: @ Pre startup
[18:25:35] [Client thread/ERROR]: 1281: Invalid value
[18:25:36] [Thread-11/INFO]: Initializing LWJGL OpenAL
[18:25:36] [Thread-11/INFO]: (The LWJGL binding of OpenAL.  For more information, see http://www.lwjgl.org)
[18:25:36] [Thread-11/INFO]: OpenAL initialized.
[18:25:36] [Sound Library Loader/INFO]: Sound engine started
[18:25:50] [Client thread/WARN]: Unable to resolve texture due to upward reference: #tex in yabba:models/item/upgrade_base
[18:25:51] [Client thread/INFO]: Created: 16x16 textures-atlas
[18:26:21] [Client thread/WARN]: Couldn't find resource table railcraft:chests/village_workshop
[18:26:21] [Client thread/WARN]: Couldn't set damage of loot item 1xitem.darkutils.mystery.potion@0
[18:26:21] [Client thread/WARN]: Couldn't set damage of loot item 1xitem.darkutils.ring@0
[18:26:35] [Client thread/INFO]: Reloading ResourceManager: Default, FMLFileResourcePack:Forge Mod Loader, FMLFileResourcePack:Minecraft Forge, FMLFileResourcePack:Not Enough Items, FMLFileResourcePack:Actually Additions, FMLFileResourcePack:Advanced Machines, FMLFileResourcePack:Advanced Solar Panels, FMLFileResourcePack:AE2 Stuff, FMLFileResourcePack:AgriCraft, FMLFileResourcePack:Akashic Tome, FMLFileResourcePack:AppleSkin, FMLFileResourcePack:Applied Energistics 2, FMLFileResourcePack:Aquaculture, FMLFileResourcePack:ArchitectureCraft, FMLFileResourcePack:Aroma1997Core|Helper, FMLFileResourcePack:Aroma1997's Dimensional World, FMLFileResourcePack:AutoRegLib, FMLFileResourcePack:Baubles, FMLFileResourcePack:BD Lib, FMLFileResourcePack:Better Builder's Wands, FMLFileResourcePack:BetterThanBunnies, FMLFileResourcePack:BiblioCraft, FMLFileResourcePack:Blood Arsenal, FMLFileResourcePack:Blood Magic: Alchemical Wizardry, FMLFileResourcePack:Bookshelf, FMLFileResourcePack:Botania, FMLFileResourcePack:Brandon's Core, FMLFileResourcePack:Ceramics, FMLFileResourcePack:Chameleon, FMLFileResourcePack:Chest Transporter, FMLFileResourcePack:Chisel, FMLFileResourcePack:Chisels & Bits, FMLFileResourcePack:Clipboard, FMLFileResourcePack:CodeChicken Core, FMLFileResourcePack:CodeChicken Lib, FMLFileResourcePack:ccl-entityhook, FMLFileResourcePack:CoFH Core, FMLFileResourcePack:Compact Solar Arrays, FMLFileResourcePack:Controlling, FMLFileResourcePack:Cooking for Blockheads, FMLFileResourcePack:CT-GUI, FMLFileResourcePack:MineTweaker 3, FMLFileResourcePack:CraftTweaker JEI Support, FMLFileResourcePack:Custom Main Menu, FMLFileResourcePack:Dark Utilities, FMLFileResourcePack:PTRModelLib, FMLFileResourcePack:Decocraft, FMLFileResourcePack:DeepResonance, FMLFileResourcePack:Default Options, FMLFileResourcePack:Draconic Evolution, FMLFileResourcePack:Drawers & Bits, FMLFileResourcePack:Elevator Mod, FMLFileResourcePack:Embers, FMLFileResourcePack:EnderCore, FMLFileResourcePack:Ender IO, FMLFileResourcePack:EnderStorage, FMLFileResourcePack:Engineer's Workshop, FMLFileResourcePack:Environmental Tech, FMLFileResourcePack:ET Lunar, FMLFileResourcePack:Extra Utilities 2, FMLFileResourcePack:Extreme Reactors, FMLFileResourcePack:Flat Colored Blocks, FMLFileResourcePack:FluxNetworks, FMLFileResourcePack:FoamFix, FMLFileResourcePack:Forestry, FMLFileResourcePack:Forgelin, FMLFileResourcePack:Forge Microblocks, FMLFileResourcePack:Forge Multipart CBE, FMLFileResourcePack:Minecraft Multipart Plugin, FMLFileResourcePack:FTBLib, FMLFileResourcePack:FTB Tweaks, FMLFileResourcePack:FTBUtilities, FMLFileResourcePack:Funky Locomotion, FMLFileResourcePack:Funnels, FMLFileResourcePack:GenDustry, FMLFileResourcePack:Gravestone, FMLFileResourcePack:Gravitation Suite, FMLFileResourcePack:Guide-API, FMLFileResourcePack:Hammer Core, FMLFileResourcePack:HelpFixer, FMLFileResourcePack:Hopper Ducts, FMLFileResourcePack:Immersive Engineering, FMLFileResourcePack:IndustrialCraft 2, FMLFileResourcePack:InfinityLib, FMLFileResourcePack:InGame Info XML, FMLFileResourcePack:Interaction Wheel, FMLFileResourcePack:Inventory Tweaks, FMLFileResourcePack:Iron Backpacks, FMLFileResourcePack:Iron Chest, FMLFileResourcePack:Just Enough Items, FMLFileResourcePack:JEI Bees, FMLFileResourcePack:JourneyMap, FMLFileResourcePack:Just Enough Resources, FMLFileResourcePack:KleeSlabs, FMLFileResourcePack:LaunchGUI, FMLFileResourcePack:Long Fall Boots, FMLFileResourcePack:LunatriusCore, FMLFileResourcePack:Mantle, FMLFileResourcePack:MCMultiPart, FMLFileResourcePack:Mercurius, FMLFileResourcePack:Modular ForceField System, FMLFileResourcePack:MmmMmmMmmMmm, FMLFileResourcePack:mob_grinding_utils, FMLFileResourcePack:Mod Name Tooltip, FMLFileResourcePack:Mod Tweaker, FMLFileResourcePack:More Bees, FMLFileResourcePack:Morph-o-Tool, FMLFileResourcePack:Morpheus, FMLFileResourcePack:Mouse Tweaks, FMLFileResourcePack:ModPack Basic Tools, FMLFileResourcePack:ModPack Utilities, FMLFileResourcePack:MrTJPCore, FMLFileResourcePack:MTLib, FMLFileResourcePack:Multi-Storage, FMLFileResourcePack:Natura, FMLFileResourcePack:Nether Portal Fix, FMLFileResourcePack:OpenComputers, FMLFileResourcePack:Open Glider, FMLFileResourcePack:p455w0rd's Library, FMLFileResourcePack:Pam's HarvestCraft, FMLFileResourcePack:ProjectRed Core, FMLFileResourcePack:ProjectRed integration, FMLFileResourcePack:ProjectRed Transmission, FMLFileResourcePack:ProjectRed Illumination, FMLFileResourcePack:ProjectRed Expansion, FMLFileResourcePack:projectred-tansportation, FMLFileResourcePack:ProjectRed Exploration, FMLFileResourcePack:Psi, FMLFileResourcePack:QuantumStorage, FMLFileResourcePack:Quark, FMLFileResourcePack:Railcraft, FMLFileResourcePack:Ranged Pumps, FMLFileResourcePack:ReAuth, FMLFileResourcePack:RebornCore, FMLFileResourcePack:reborncore-MCMultiPart, FMLFileResourcePack:Redstone Arsenal, FMLFileResourcePack:Refined Relocation, FMLFileResourcePack:Refined Storage, FMLFileResourcePack:Reliquary, FMLFileResourcePack:Resource Loader, FMLFileResourcePack:RFTools, FMLFileResourcePack:RFTools Control, FMLFileResourcePack:RFTools Dimensions, FMLFileResourcePack:Roots, FMLFileResourcePack:ShadowMC, FMLFileResourcePack:ShetiPhian-Core, FMLFileResourcePack:Signals, FMLFileResourcePack:SimpleVoidWorld, FMLFileResourcePack:Simple Retrogen, FMLFileResourcePack:Simply Jetpacks 2, FMLFileResourcePack:Sleeping Bag, FMLFileResourcePack:Snad, FMLFileResourcePack:Solar Flux Reborn, FMLFileResourcePack:SonarCore, FMLFileResourcePack:Steve's Carts 2, FMLFileResourcePack:Storage Drawers, FMLFileResourcePack:Storage Drawers Extras, FMLFileResourcePack:Super Circuit Maker, FMLFileResourcePack:Super Crafting Frame, FMLFileResourcePack:Tinkers' Construct, FMLFileResourcePack:TechReborn, FMLFileResourcePack:The One Probe, FMLFileResourcePack:Thermal Expansion, FMLFileResourcePack:Thermal Foundation, FMLFileResourcePack:Tinkers Tool Leveling, FMLFileResourcePack:TOP Addons, FMLFileResourcePack:TorchMaster, FMLFileResourcePack:Translocator, FMLFileResourcePack:UniDict, FMLFileResourcePack:Useful Nullifiers, FMLFileResourcePack:Valkyrie Lib, FMLFileResourcePack:WanionLib, FMLFileResourcePack:Wireless Crafting Grid, FMLFileResourcePack:Wireless Crafting Terminal, FMLFileResourcePack:Woot, FMLFileResourcePack:WirelessRedstone-CBE, FMLFileResourcePack:YABBA, FMLFileResourcePack:Zero CORE, quark-texture-proxy, FMLFileResourcePack:ElecCore, CustomResources, CustomOverridingResources
[18:26:35] [Client thread/WARN]: ResourcePack: ignored non-lowercase namespace: TechRebornItems.xcf in /Users/Ethan/Documents/Curse/Minecraft/Instances/FTB Beyond (1)/mods/TechReborn-1.10.2-2.1.10.207-universal.jar
[18:26:35] [Client thread/WARN]: ResourcePack: ignored non-lowercase namespace: TechReborn.xcf in /Users/Ethan/Documents/Curse/Minecraft/Instances/FTB Beyond (1)/mods/TechReborn-1.10.2-2.1.10.207-universal.jar
[18:26:35] [Client thread/WARN]: ResourcePack: ignored non-lowercase namespace: Casings.xcf in /Users/Ethan/Documents/Curse/Minecraft/Instances/FTB Beyond (1)/mods/TechReborn-1.10.2-2.1.10.207-universal.jar
[18:26:39] [Client thread/WARN]: File minecraft:sounds/tock4.ogg does not exist, cannot add it to event bibliocraft:tock
[18:26:39] [Client thread/WARN]: Invalid sounds.json
java.lang.NullPointerException
	at net.minecraft.client.audio.SoundHandler.func_110549_a(SourceFile:82) [bzw.class:?]
	at net.minecraft.client.resources.SimpleReloadableResourceManager.func_110544_b(SimpleReloadableResourceManager.java:132) [bxi.class:?]
	at net.minecraft.client.resources.SimpleReloadableResourceManager.func_110541_a(SimpleReloadableResourceManager.java:113) [bxi.class:?]
	at net.minecraft.client.Minecraft.func_110436_a(Minecraft.java:755) [bcx.class:?]
	at net.minecraftforge.fml.client.FMLClientHandler.finishMinecraftLoading(FMLClientHandler.java:350) [FMLClientHandler.class:?]
	at net.minecraft.client.Minecraft.func_71384_a(Minecraft.java:520) [bcx.class:?]
	at net.minecraft.client.Minecraft.func_99999_d(Minecraft.java:351) [bcx.class:?]
	at net.minecraft.client.main.Main.main(SourceFile:124) [Main.class:?]
	at sun.reflect.NativeMethodAccessorImpl.invoke0(Native Method) ~[?:1.8.0_111]
	at sun.reflect.NativeMethodAccessorImpl.invoke(NativeMethodAccessorImpl.java:62) ~[?:1.8.0_111]
	at sun.reflect.DelegatingMethodAccessorImpl.invoke(DelegatingMethodAccessorImpl.java:43) ~[?:1.8.0_111]
	at java.lang.reflect.Method.invoke(Method.java:498) ~[?:1.8.0_111]
	at net.minecraft.launchwrapper.Launch.launch(Launch.java:135) [launchwrapper-1.12.jar:?]
	at net.minecraft.launchwrapper.Launch.main(Launch.java:28) [launchwrapper-1.12.jar:?]
[18:26:39] [Client thread/WARN]: File minecraft:sounds/deep_rumble.ogg does not exist, cannot add it to event rftoolsdim:deep_rumble
[18:26:39] [Client thread/WARN]: File minecraft:sounds/teleport_whoosh.ogg does not exist, cannot add it to event rftoolsdim:teleport_whoosh
[18:26:39] [Client thread/WARN]: File minecraft:sounds/teleport_error.ogg does not exist, cannot add it to event rftoolsdim:teleport_error
[18:26:39] [Client thread/WARN]: File minecraft:sounds/wolfhowl.ogg does not exist, cannot add it to event rftoolsdim:wolfhowl
[18:26:39] [Client thread/WARN]: File minecraft:sounds/gearswitch.ogg does not exist, cannot add it to event stevescarts:gearswitch
[18:26:39] [Client thread/WARN]: File minecraft:sounds/win.ogg does not exist, cannot add it to event stevescarts:win
[18:26:39] [Client thread/WARN]: File minecraft:sounds/boop1.ogg does not exist, cannot add it to event stevescarts:boop
[18:26:39] [Client thread/WARN]: File minecraft:sounds/boop2.ogg does not exist, cannot add it to event stevescarts:boop
[18:26:39] [Client thread/WARN]: File minecraft:sounds/boop3.ogg does not exist, cannot add it to event stevescarts:boop
[18:26:39] [Client thread/WARN]: File minecraft:sounds/gameover.ogg does not exist, cannot add it to event stevescarts:gameover
[18:26:39] [Client thread/WARN]: File minecraft:sounds/1lines.ogg does not exist, cannot add it to event stevescarts:1lines
[18:26:39] [Client thread/WARN]: File minecraft:sounds/2lines.ogg does not exist, cannot add it to event stevescarts:2lines
[18:26:39] [Client thread/WARN]: File minecraft:sounds/3lines.ogg does not exist, cannot add it to event stevescarts:3lines
[18:26:39] [Client thread/WARN]: File minecraft:sounds/4lines.ogg does not exist, cannot add it to event stevescarts:4lines
[18:26:39] [Client thread/WARN]: File minecraft:sounds/highscore.ogg does not exist, cannot add it to event stevescarts:highscore
[18:26:39] [Client thread/WARN]: File minecraft:sounds/hit.ogg does not exist, cannot add it to event stevescarts:hit
[18:26:39] [Client thread/WARN]: File minecraft:sounds/click.ogg does not exist, cannot add it to event stevescarts:click
[18:26:39] [Client thread/WARN]: File minecraft:sounds/blobclick.ogg does not exist, cannot add it to event stevescarts:blobclick
[18:26:39] [Client thread/WARN]: File minecraft:sounds/flagclick.ogg does not exist, cannot add it to event stevescarts:flagclick
[18:26:39] [Client thread/WARN]: File minecraft:sounds/goodjob.ogg does not exist, cannot add it to event stevescarts:goodjob
[18:26:39] [Client thread/INFO]: SoundSystem shutting down...
[18:26:40] [Client thread/WARN]: Author: Paul Lamb, www.paulscode.com
[18:26:40] [Sound Library Loader/INFO]: Starting up SoundSystem...
[18:26:40] [Thread-21/INFO]: Initializing LWJGL OpenAL
[18:26:40] [Thread-21/INFO]: (The LWJGL binding of OpenAL.  For more information, see http://www.lwjgl.org)
[18:26:40] [Thread-21/INFO]: OpenAL initialized.
[18:26:40] [Sound Library Loader/INFO]: Sound engine started
[18:26:55] [Client thread/WARN]: Unable to resolve texture due to upward reference: #tex in yabba:models/item/upgrade_base
[18:27:09] [Client thread/INFO]: Created: 4096x4096 textures-atlas
[18:27:12] [Client thread/WARN]: Unable to resolve texture due to upward reference: #side in immersiveengineering:models/block/ieScaffolding
[18:27:12] [Client thread/WARN]: Unable to resolve texture due to upward reference: #side in immersiveengineering:models/block/ieScaffolding
[18:27:12] [Client thread/WARN]: Unable to resolve texture due to upward reference: #side in immersiveengineering:models/block/ieScaffolding
[18:27:12] [Client thread/WARN]: Unable to resolve texture due to upward reference: #side in immersiveengineering:models/block/ieScaffolding
[18:27:13] [Client thread/WARN]: Unable to resolve texture due to upward reference: #side in immersiveengineering:models/block/ieScaffolding
[18:27:13] [Client thread/WARN]: Unable to resolve texture due to upward reference: #side in immersiveengineering:models/block/ieScaffolding
[18:27:13] [Client thread/WARN]: Unable to resolve texture due to upward reference: #side in immersiveengineering:models/block/ieScaffolding
[18:27:13] [Client thread/WARN]: Unable to resolve texture due to upward reference: #side in immersiveengineering:models/block/ieScaffolding
[18:27:13] [Client thread/WARN]: Unable to resolve texture due to upward reference: #side in immersiveengineering:models/block/ieScaffolding
[18:27:13] [Client thread/WARN]: Unable to resolve texture due to upward reference: #side in immersiveengineering:models/block/ieScaffolding
[18:27:13] [Client thread/WARN]: Unable to resolve texture due to upward reference: #side in immersiveengineering:models/block/ieScaffolding
[18:27:13] [Client thread/WARN]: Unable to resolve texture due to upward reference: #side in immersiveengineering:models/block/ieScaffolding
[18:27:13] [Client thread/WARN]: Unable to resolve texture due to upward reference: #side in immersiveengineering:models/block/ieScaffolding
[18:27:13] [Client thread/WARN]: Unable to resolve texture due to upward reference: #side in immersiveengineering:models/block/ieScaffolding
[18:27:13] [Client thread/WARN]: Unable to resolve texture due to upward reference: #side in immersiveengineering:models/block/ieScaffolding
[18:27:13] [Client thread/WARN]: Unable to resolve texture due to upward reference: #side in immersiveengineering:models/block/ieScaffolding
[18:27:14] [Client thread/WARN]: Unable to resolve texture due to upward reference: #side in immersiveengineering:models/block/ieScaffolding
[18:27:14] [Client thread/WARN]: Unable to resolve texture due to upward reference: #side in immersiveengineering:models/block/ieScaffolding
[18:27:14] [Client thread/WARN]: Unable to resolve texture due to upward reference: #side in immersiveengineering:models/block/ieScaffolding
[18:27:14] [Client thread/WARN]: Unable to resolve texture due to upward reference: #side in immersiveengineering:models/block/ieScaffolding
[18:27:14] [Client thread/WARN]: Unable to resolve texture due to upward reference: #side in immersiveengineering:models/block/ieScaffolding
[18:27:14] [Client thread/WARN]: Unable to resolve texture due to upward reference: #side in immersiveengineering:models/block/ieScaffolding
[18:27:14] [Client thread/WARN]: Unable to resolve texture due to upward reference: #side in immersiveengineering:models/block/ieScaffolding
[18:27:14] [Client thread/WARN]: Unable to resolve texture due to upward reference: #side in immersiveengineering:models/block/ieScaffolding
[18:27:15] [Client thread/WARN]: Unable to resolve texture due to upward reference: #side in immersiveengineering:models/block/ieScaffolding
[18:27:15] [Client thread/WARN]: Unable to resolve texture due to upward reference: #side in immersiveengineering:models/block/ieScaffolding
[18:27:16] [Client thread/WARN]: Unable to resolve texture due to upward reference: #side in immersiveengineering:models/block/ieScaffolding
[18:27:16] [Client thread/WARN]: Unable to resolve texture due to upward reference: #side in immersiveengineering:models/block/ieScaffolding
[18:27:16] [Client thread/WARN]: Unable to resolve texture due to upward reference: #side in immersiveengineering:models/block/ieScaffolding
[18:27:16] [Client thread/WARN]: Unable to resolve texture due to upward reference: #side in immersiveengineering:models/block/ieScaffolding
[18:27:16] [Client thread/WARN]: Unable to resolve texture due to upward reference: #side in immersiveengineering:models/block/ieScaffolding
[18:27:16] [Client thread/WARN]: Unable to resolve texture due to upward reference: #side in immersiveengineering:models/block/ieScaffolding
[18:27:16] [Client thread/WARN]: Unable to resolve texture due to upward reference: #side in immersiveengineering:models/block/ieScaffolding
[18:27:16] [Client thread/WARN]: Unable to resolve texture due to upward reference: #side in immersiveengineering:models/block/ieScaffolding
[18:27:17] [Client thread/WARN]: Unable to resolve texture due to upward reference: #side in immersiveengineering:models/block/ieScaffolding
[18:27:17] [Client thread/WARN]: Unable to resolve texture due to upward reference: #side in immersiveengineering:models/block/ieScaffolding
[18:27:17] [Client thread/WARN]: Unable to resolve texture due to upward reference: #side in immersiveengineering:models/block/ieScaffolding
[18:27:17] [Client thread/WARN]: Unable to resolve texture due to upward reference: #side in immersiveengineering:models/block/ieScaffolding
[18:27:17] [Client thread/WARN]: Unable to resolve texture due to upward reference: #side in immersiveengineering:models/block/ieScaffolding
[18:27:17] [Client thread/WARN]: Unable to resolve texture due to upward reference: #side in immersiveengineering:models/block/ieScaffolding
[18:27:17] [Client thread/WARN]: Unable to resolve texture due to upward reference: #side in immersiveengineering:models/block/ieScaffolding
[18:27:17] [Client thread/WARN]: Unable to resolve texture due to upward reference: #side in immersiveengineering:models/block/ieScaffolding
[18:27:18] [Client thread/WARN]: Unable to resolve texture due to upward reference: #side in immersiveengineering:models/block/ieScaffolding
[18:27:18] [Client thread/WARN]: Unable to resolve texture due to upward reference: #side in immersiveengineering:models/block/ieScaffolding
[18:27:18] [Client thread/WARN]: Unable to resolve texture due to upward reference: #side in immersiveengineering:models/block/ieScaffolding
[18:27:18] [Client thread/WARN]: Unable to resolve texture due to upward reference: #side in immersiveengineering:models/block/ieScaffolding
[18:27:18] [Client thread/WARN]: Unable to resolve texture due to upward reference: #side in immersiveengineering:models/block/ieScaffolding
[18:27:18] [Client thread/WARN]: Unable to resolve texture due to upward reference: #side in immersiveengineering:models/block/ieScaffolding
[18:27:18] [Client thread/WARN]: Unable to resolve texture due to upward reference: #side in immersiveengineering:models/block/ieScaffolding
[18:27:18] [Client thread/WARN]: Unable to resolve texture due to upward reference: #crop in minecraft:models/block/crop
[18:27:19] [Client thread/WARN]: Unable to resolve texture due to upward reference: #side in immersiveengineering:models/block/ieScaffolding
[18:27:19] [Client thread/WARN]: Unable to resolve texture due to upward reference: #side in immersiveengineering:models/block/ieScaffolding
[18:27:19] [Client thread/WARN]: Unable to resolve texture due to upward reference: #side in immersiveengineering:models/block/ieScaffolding
[18:27:19] [Client thread/WARN]: Unable to resolve texture due to upward reference: #side in immersiveengineering:models/block/ieScaffolding
[18:27:19] [Client thread/WARN]: Unable to resolve texture due to upward reference: #side in immersiveengineering:models/block/ieScaffolding
[18:27:26] [Client thread/WARN]: Unable to resolve texture due to upward reference: #side in immersiveengineering:models/block/ieScaffolding
[18:27:26] [Client thread/WARN]: Unable to resolve texture due to upward reference: #side in immersiveengineering:models/block/ieScaffolding
[18:27:26] [Client thread/WARN]: Unable to resolve texture due to upward reference: #side in immersiveengineering:models/block/ieScaffolding
[18:27:26] [Client thread/WARN]: Unable to resolve texture due to upward reference: #side in immersiveengineering:models/block/ieScaffolding
[18:27:26] [Client thread/WARN]: Unable to resolve texture due to upward reference: #side in immersiveengineering:models/block/ieScaffolding
[18:27:26] [Client thread/WARN]: Unable to resolve texture due to upward reference: #side in immersiveengineering:models/block/ieScaffolding
[18:27:26] [Client thread/WARN]: Unable to resolve texture due to upward reference: #side in immersiveengineering:models/block/ieScaffolding
[18:27:26] [Client thread/WARN]: Unable to resolve texture due to upward reference: #side in immersiveengineering:models/block/ieScaffolding
[18:27:27] [Client thread/WARN]: Unable to resolve texture due to upward reference: #side in immersiveengineering:models/block/ieScaffolding
[18:27:27] [Client thread/WARN]: Unable to resolve texture due to upward reference: #side in immersiveengineering:models/block/ieScaffolding
[18:27:27] [Client thread/WARN]: Unable to resolve texture due to upward reference: #side in immersiveengineering:models/block/ieScaffolding
[18:27:27] [Client thread/WARN]: Unable to resolve texture due to upward reference: #side in immersiveengineering:models/block/ieScaffolding
[18:27:27] [Client thread/WARN]: Unable to resolve texture due to upward reference: #side in immersiveengineering:models/block/ieScaffolding
[18:27:27] [Client thread/WARN]: Unable to resolve texture due to upward reference: #side in immersiveengineering:models/block/ieScaffolding
[18:27:27] [Client thread/WARN]: Unable to resolve texture due to upward reference: #side in immersiveengineering:models/block/ieScaffolding
[18:27:27] [Client thread/WARN]: Unable to resolve texture due to upward reference: #side in immersiveengineering:models/block/ieScaffolding
[18:27:27] [Client thread/WARN]: Unable to resolve texture due to upward reference: #side in immersiveengineering:models/block/ieScaffolding
[18:27:28] [Client thread/WARN]: Unable to resolve texture due to upward reference: #side in immersiveengineering:models/block/ieScaffolding
[18:27:28] [Client thread/WARN]: Unable to resolve texture due to upward reference: #side in immersiveengineering:models/block/ieScaffolding
[18:27:28] [Client thread/WARN]: Unable to resolve texture due to upward reference: #side in immersiveengineering:models/block/ieScaffolding
[18:27:28] [Client thread/WARN]: Unable to resolve texture due to upward reference: #side in immersiveengineering:models/block/ieScaffolding
[18:27:28] [Client thread/WARN]: Unable to resolve texture due to upward reference: #all in minecraft:models/block/cube_all
[18:27:28] [Client thread/WARN]: Unable to resolve texture due to upward reference: #all in minecraft:models/block/cube_all
[18:27:28] [Client thread/WARN]: Unable to resolve texture due to upward reference: #all in minecraft:models/block/cube_all
[18:27:28] [Client thread/WARN]: Unable to resolve texture due to upward reference: #all in minecraft:models/block/cube_all
[18:27:28] [Client thread/WARN]: Unable to resolve texture due to upward reference: #all in minecraft:models/block/cube_all
[18:27:28] [Client thread/WARN]: Unable to resolve texture due to upward reference: #all in minecraft:models/block/cube_all
[18:27:28] [Client thread/WARN]: Unable to resolve texture due to upward reference: #all in minecraft:models/block/cube_all
[18:27:28] [Client thread/WARN]: Unable to resolve texture due to upward reference: #side in immersiveengineering:models/block/ieScaffolding
[18:27:28] [Client thread/WARN]: Unable to resolve texture due to upward reference: #side in immersiveengineering:models/block/ieScaffolding
[18:27:28] [Client thread/WARN]: Unable to resolve texture due to upward reference: #side in immersiveengineering:models/block/ieScaffolding
[18:27:28] [Client thread/WARN]: Unable to resolve texture due to upward reference: #side in immersiveengineering:models/block/ieScaffolding
[18:27:28] [Client thread/WARN]: Unable to resolve texture due to upward reference: #side in immersiveengineering:models/block/ieScaffolding
[18:27:28] [Client thread/WARN]: Unable to resolve texture due to upward reference: #side in immersiveengineering:models/block/ieScaffolding
[18:27:28] [Client thread/WARN]: Unable to resolve texture due to upward reference: #side in immersiveengineering:models/block/ieScaffolding
[18:27:28] [Client thread/WARN]: Unable to resolve texture due to upward reference: #side in immersiveengineering:models/block/ieScaffolding
[18:27:29] [Client thread/WARN]: Unable to resolve texture due to upward reference: #side in immersiveengineering:models/block/ieScaffolding
[18:27:29] [Client thread/WARN]: Unable to resolve texture due to upward reference: #pane in chisel:models/block/pane/pane_n
[18:27:29] [Client thread/WARN]: Unable to resolve texture due to upward reference: #pane in chisel:models/block/pane/pane_n
[18:27:29] [Client thread/WARN]: Unable to resolve texture due to upward reference: #pane in chisel:models/block/pane/pane_n
[18:27:29] [Client thread/WARN]: Unable to resolve texture due to upward reference: #pane in chisel:models/block/pane/pane_n
[18:27:29] [Client thread/WARN]: Unable to resolve texture due to upward reference: #pane in chisel:models/block/pane/pane_ne
[18:27:29] [Client thread/WARN]: Unable to resolve texture due to upward reference: #pane in chisel:models/block/pane/pane_ne
[18:27:29] [Client thread/WARN]: Unable to resolve texture due to upward reference: #pane in chisel:models/block/pane/pane_ne
[18:27:29] [Client thread/WARN]: Unable to resolve texture due to upward reference: #pane in chisel:models/block/pane/pane_ne
[18:27:29] [Client thread/WARN]: Unable to resolve texture due to upward reference: #pane in chisel:models/block/pane/pane_ns
[18:27:29] [Client thread/WARN]: Unable to resolve texture due to upward reference: #pane in chisel:models/block/pane/pane_ns
[18:27:29] [Client thread/WARN]: Unable to resolve texture due to upward reference: #pane in chisel:models/block/pane/pane_nse
[18:27:29] [Client thread/WARN]: Unable to resolve texture due to upward reference: #pane in chisel:models/block/pane/pane_nse
[18:27:29] [Client thread/WARN]: Unable to resolve texture due to upward reference: #pane in chisel:models/block/pane/pane_nse
[18:27:29] [Client thread/WARN]: Unable to resolve texture due to upward reference: #pane in chisel:models/block/pane/pane_nse
[18:27:29] [Client thread/WARN]: Unable to resolve texture due to upward reference: #side in immersiveengineering:models/block/ieScaffolding
[18:27:29] [Client thread/WARN]: Unable to resolve texture due to upward reference: #side in immersiveengineering:models/block/ieScaffolding
[18:27:29] [Client thread/WARN]: Unable to resolve texture due to upward reference: #side in immersiveengineering:models/block/ieScaffolding
[18:27:29] [Client thread/WARN]: Unable to resolve texture due to upward reference: #side in immersiveengineering:models/block/ieScaffolding
[18:27:29] [Client thread/WARN]: Unable to resolve texture due to upward reference: #side in immersiveengineering:models/block/ieScaffolding
[18:27:29] [Client thread/WARN]: Unable to resolve texture due to upward reference: #side in immersiveengineering:models/block/ieScaffolding
[18:27:29] [Client thread/WARN]: Unable to resolve texture due to upward reference: #side in immersiveengineering:models/block/ieScaffolding
[18:27:29] [Client thread/WARN]: Unable to resolve texture due to upward reference: #side in immersiveengineering:models/block/ieScaffolding
[18:27:29] [Client thread/WARN]: Unable to resolve texture due to upward reference: #all in minecraft:models/block/cube_all
[18:27:29] [Client thread/WARN]: Unable to resolve texture due to upward reference: #all in minecraft:models/block/cube_all
[18:27:29] [Client thread/WARN]: Unable to resolve texture due to upward reference: #all in minecraft:models/block/cube_all
[18:27:29] [Client thread/WARN]: Unable to resolve texture due to upward reference: #all in minecraft:models/block/cube_all
[18:27:29] [Client thread/WARN]: Unable to resolve texture due to upward reference: #all in minecraft:models/block/cube_all
[18:27:29] [Client thread/WARN]: Unable to resolve texture due to upward reference: #all in minecraft:models/block/cube_all
[18:27:29] [Client thread/WARN]: Unable to resolve texture due to upward reference: #all in minecraft:models/block/cube_all
[18:27:29] [Client thread/WARN]: Unable to resolve texture due to upward reference: #side in immersiveengineering:models/block/ieScaffolding
[18:27:29] [Client thread/WARN]: Unable to resolve texture due to upward reference: #side in immersiveengineering:models/block/ieScaffolding
[18:27:29] [Client thread/WARN]: Unable to resolve texture due to upward reference: #side in immersiveengineering:models/block/ieScaffolding
[18:27:30] [Client thread/WARN]: Unable to resolve texture due to upward reference: #crop in minecraft:models/block/crop
[18:27:30] [Client thread/WARN]: Unable to resolve texture due to upward reference: #side in immersiveengineering:models/block/ieScaffolding
[18:27:38] [Client thread/WARN]: Skipping bad option: lastServer:
[18:27:56] [Server thread/INFO]: Starting integrated minecraft server version 1.10.2
[18:27:56] [Server thread/INFO]: Generating keypair
[18:27:57] [Server thread/WARN]: Couldn't find resource table railcraft:chests/village_workshop
[18:27:57] [Server thread/INFO]: Preparing start region for level 0
[18:27:58] [Server thread/INFO]: Preparing spawn area: 18%
[18:27:59] [Server thread/INFO]: Preparing spawn area: 75%
[18:28:02] [Server thread/INFO]: FTBLib: Server reloaded in 1421ms
[18:28:04] [Server thread/INFO]: FireFox0044[local:E:026120a1] logged in with entity id 331 at (314.43721006614606, 68.0, -75.82180379776226)
[18:28:04] [Server thread/INFO]: FireFox0044 joined the game
[18:28:06] [Server thread/WARN]: Can't keep up! Did the system time change, or is the server overloaded? Running 2538ms behind, skipping 50 tick(s)
[18:28:07] [Server thread/INFO]: Saving and pausing game...
[18:28:07] [Server thread/INFO]: Saving chunks for level 'CandiedCraft'/Overworld
[18:28:11] [Server thread/INFO]: Saving chunks for level 'CandiedCraft'/Nether
[18:28:11] [Server thread/INFO]: Saving chunks for level 'CandiedCraft'/The End
[18:28:11] [Server thread/INFO]: Saving chunks for level 'CandiedCraft'/Deep Dark
[18:28:11] [Server thread/INFO]: Saving chunks for level 'CandiedCraft'/ExtraUtils2_Quarry_Dim
[18:28:11] [Server thread/INFO]: Saving chunks for level 'CandiedCraft'/simplevoidworld
[18:28:11] [Server thread/INFO]: Saving chunks for level 'CandiedCraft'/MiningWorld
[18:28:20] [Client thread/INFO]: [CHAT] InvTweaks: Configuration loaded.
[18:28:21] [Client thread/INFO]: [CHAT] §eJourneyMap:§f Press [§bPERIOD§f]
[18:29:25] [Server thread/INFO]: Saving and pausing game...
[18:29:25] [Server thread/INFO]: Saving chunks for level 'CandiedCraft'/Overworld
[18:29:25] [Server thread/INFO]: Saving chunks for level 'CandiedCraft'/Nether
[18:29:25] [Server thread/INFO]: Saving chunks for level 'CandiedCraft'/The End
[18:29:25] [Server thread/INFO]: Saving chunks for level 'CandiedCraft'/Deep Dark
[18:29:25] [Server thread/INFO]: Saving chunks for level 'CandiedCraft'/ExtraUtils2_Quarry_Dim
[18:29:25] [Server thread/INFO]: Saving chunks for level 'CandiedCraft'/simplevoidworld
[18:29:25] [Server thread/INFO]: Saving chunks for level 'CandiedCraft'/MiningWorld
[18:29:33] [Server thread/INFO]: Saving and pausing game...
[18:29:33] [Server thread/INFO]: Saving chunks for level 'CandiedCraft'/Overworld
[18:29:33] [Server thread/INFO]: Saving chunks for level 'CandiedCraft'/Nether
[18:29:33] [Server thread/INFO]: Saving chunks for level 'CandiedCraft'/The End
[18:29:33] [Server thread/INFO]: Saving chunks for level 'CandiedCraft'/Deep Dark
[18:29:33] [Server thread/INFO]: Saving chunks for level 'CandiedCraft'/ExtraUtils2_Quarry_Dim
[18:29:33] [Server thread/INFO]: Saving chunks for level 'CandiedCraft'/simplevoidworld
[18:29:33] [Server thread/INFO]: Saving chunks for level 'CandiedCraft'/MiningWorld
